2025-12-31 07:25:35,676 [INFO] collector: Starting collector run
2025-12-31 07:25:35,676 [INFO] collector: Fetching: https://raw.githubusercontent.com/internet4jina/daily/main/studious
2025-12-31 07:25:35,744 [WARNING] root: Request error for https://raw.githubusercontent.com/internet4jina/daily/main/studious ➜ 404 Client Error: Not Found for url: https://raw.githubusercontent.com/internet4jina/daily/main/studious
2025-12-31 07:25:35,744 [WARNING] collector: Failed to fetch https://raw.githubusercontent.com/internet4jina/daily/main/studious
2025-12-31 07:25:35,744 [INFO] collector: Fetching: https://raw.githubusercontent.com/pojiezhiyuanjun/freev2/master/1231.txt
2025-12-31 07:25:35,763 [INFO] collector: Fetching: https://proxypool.link/sip002/sub
2025-12-31 07:25:36,291 [INFO] collector: Fetching: https://proxypool.link/ss/sub
2025-12-31 07:25:36,474 [INFO] collector: Fetching: https://proxypool.link/vmess/sub
2025-12-31 07:25:36,651 [INFO] collector: Fetching: https://raw.githubusercontent.com/MrPooyaX/VpnsFucking/main/Shenzo.txt
2025-12-31 07:25:36,667 [INFO] collector: Fetching: https://raw.githubusercontent.com/MrPooyaX/SansorchiFucker/main/data.txt
2025-12-31 07:25:36,683 [INFO] collector: Fetching: https://raw.githubusercontent.com/mfuu/v2ray/master/v2ray
2025-12-31 07:25:36,702 [INFO] collector: Fetching: https://raw.githubusercontent.com/ermaozi/get_subscribe/main/subscribe/v2ray.txt
2025-12-31 07:25:36,718 [INFO] collector: Fetching: https://raw.githubusercontent.com/aiboboxx/v2rayfree/main/v2
2025-12-31 07:25:36,734 [WARNING] root: Request error for https://raw.githubusercontent.com/aiboboxx/v2rayfree/main/v2 ➜ 404 Client Error: Not Found for url: https://raw.githubusercontent.com/aiboboxx/v2rayfree/main/v2
2025-12-31 07:25:36,734 [WARNING] collector: Failed to fetch https://raw.githubusercontent.com/aiboboxx/v2rayfree/main/v2
2025-12-31 07:25:36,734 [INFO] collector: Fetching: https://raw.githubusercontent.com/learnhard-cn/free_proxy_ss/main/free
2025-12-31 07:25:36,750 [INFO] collector: Fetching: https://raw.githubusercontent.com/w1770946466/Auto_proxy/main/Long_term_subscription1
2025-12-31 07:25:36,767 [INFO] collector: Fetching: https://raw.githubusercontent.com/w1770946466/Auto_proxy/main/Long_term_subscription2
2025-12-31 07:25:36,784 [INFO] collector: Fetching: https://raw.githubusercontent.com/w1770946466/Auto_proxy/main/Long_term_subscription3
2025-12-31 07:25:36,801 [INFO] collector: Fetching: https://raw.githubusercontent.com/w1770946466/Auto_proxy/main/Long_term_subscription4
2025-12-31 07:25:36,818 [INFO] collector: Fetching: https://raw.githubusercontent.com/w1770946466/Auto_proxy/main/Long_term_subscription5
2025-12-31 07:25:36,834 [INFO] collector: Fetching: https://raw.githubusercontent.com/w1770946466/Auto_proxy/main/Long_term_subscription6
2025-12-31 07:25:36,851 [INFO] collector: Fetching: https://raw.githubusercontent.com/w1770946466/Auto_proxy/main/Long_term_subscription7
2025-12-31 07:25:36,867 [INFO] collector: Fetching: https://raw.githubusercontent.com/w1770946466/Auto_proxy/main/Long_term_subscription8
2025-12-31 07:25:36,884 [INFO] collector: Fetching: https://raw.githubusercontent.com/ermaozi/get_subscribe/main/subscribe/v2ray.txt
2025-12-31 07:25:36,899 [INFO] collector: Fetching: https://raw.githubusercontent.com/Pawdroid/Free-servers/main/sub
2025-12-31 07:25:36,915 [INFO] collector: Fetching: https://raw.githubusercontent.com/freefq/free/master/v2
2025-12-31 07:25:36,932 [INFO] collector: Fetching: https://raw.githubusercontent.com/aiboboxx/v2rayfree/main/v2
2025-12-31 07:25:36,947 [WARNING] root: Request error for https://raw.githubusercontent.com/aiboboxx/v2rayfree/main/v2 ➜ 404 Client Error: Not Found for url: https://raw.githubusercontent.com/aiboboxx/v2rayfree/main/v2
2025-12-31 07:25:36,947 [WARNING] collector: Failed to fetch https://raw.githubusercontent.com/aiboboxx/v2rayfree/main/v2
2025-12-31 07:25:36,947 [INFO] collector: Fetching: https://raw.githubusercontent.com/Surfboardv2ray/Proxy-sorter/main/submerge/converted.txt
2025-12-31 07:25:37,066 [INFO] collector: Fetching: https://v2.alicivil.workers.dev/?list=1
2025-12-31 07:25:37,231 [INFO] collector: Fetching: https://v2.alicivil.workers.dev/?list=2
2025-12-31 07:25:38,633 [INFO] collector: Fetching: https://v2.alicivil.workers.dev/?list=3
2025-12-31 07:25:38,873 [INFO] collector: Fetching: https://v2.alicivil.workers.dev/?list=4
2025-12-31 07:25:39,042 [INFO] collector: Fetching: https://v2.alicivil.workers.dev/?list=5
2025-12-31 07:25:39,392 [INFO] collector: Fetching: https://v2.alicivil.workers.dev/?list=6
2025-12-31 07:25:39,581 [INFO] collector: Fetching: https://v2.alicivil.workers.dev/?list=8
2025-12-31 07:25:39,642 [INFO] collector: Fetching: https://v2.alicivil.workers.dev/?list=7
2025-12-31 07:25:39,861 [INFO] collector: Decoded 30 configs from 32 links
2025-12-31 07:25:42,120 [INFO] save_config: Saving 42 configs to /home/apps/Free-V2ray-Collector
2025-12-31 07:25:42,202 [INFO] save_config: Saved All_Configs_Sub.txt successfully
Renaming configs:   0%|          | 0/72155 [00:00<?, ?cfg/s]Renaming configs:   1%|          | 445/72155 [00:00<00:39, 1809.30cfg/s]Renaming configs:   1%|          | 626/72155 [00:00<00:42, 1677.39cfg/s]Renaming configs:   1%|          | 789/72155 [00:00<00:47, 1504.35cfg/s]Renaming configs:   2%|▏         | 1118/72155 [00:00<00:35, 2007.43cfg/s]Renaming configs:   2%|▏         | 1467/72155 [00:00<00:29, 2434.09cfg/s]Renaming configs:   3%|▎         | 1829/72155 [00:00<00:27, 2563.92cfg/s]Renaming configs:   3%|▎         | 2096/72155 [00:00<00:31, 2231.39cfg/s]Renaming configs:   3%|▎         | 2331/72155 [00:01<00:36, 1899.41cfg/s]Renaming configs:   4%|▎         | 2693/72155 [00:01<00:32, 2149.96cfg/s]Renaming configs:   4%|▍         | 2920/72155 [00:01<00:32, 2161.39cfg/s]Renaming configs:   4%|▍         | 3166/72155 [00:01<00:31, 2199.63cfg/s]Renaming configs:   5%|▍         | 3548/72155 [00:01<00:26, 2576.38cfg/s]Renaming configs:   5%|▌         | 3814/72155 [00:01<00:29, 2296.10cfg/s]Renaming configs:   6%|▌         | 4054/72155 [00:02<00:40, 1694.56cfg/s]Renaming configs:   6%|▌         | 4444/72155 [00:02<00:31, 2126.55cfg/s]Renaming configs:   7%|▋         | 4692/72155 [00:03<02:07, 529.54cfg/s] Renaming configs:   7%|▋         | 5092/72155 [00:03<01:25, 780.52cfg/s]Renaming configs:   7%|▋         | 5337/72155 [00:06<04:20, 256.69cfg/s]Renaming configs:   8%|▊         | 6127/72155 [00:06<02:06, 523.34cfg/s]Renaming configs:   9%|▉         | 6587/72155 [00:06<01:32, 707.16cfg/s]Renaming configs:  10%|█         | 7394/72155 [00:07<00:55, 1161.21cfg/s]Renaming configs:  11%|█         | 7839/72155 [00:18<07:40, 139.68cfg/s] Renaming configs:  11%|█▏        | 8240/72155 [00:18<05:49, 182.72cfg/s]Renaming configs:  13%|█▎        | 9272/72155 [00:18<03:04, 341.63cfg/s]Renaming configs:  14%|█▎        | 9796/72155 [00:18<02:21, 441.11cfg/s]Renaming configs:  14%|█▍        | 10247/72155 [00:20<02:46, 371.93cfg/s]Renaming configs:  15%|█▍        | 10571/72155 [00:20<02:18, 443.89cfg/s]Renaming configs:  15%|█▌        | 11025/72155 [00:20<01:42, 594.90cfg/s]Renaming configs:  16%|█▌        | 11454/72155 [00:21<01:18, 773.20cfg/s]Renaming configs:  16%|█▋        | 11792/72155 [00:21<01:04, 941.48cfg/s]Renaming configs:  17%|█▋        | 12123/72155 [00:21<00:53, 1112.19cfg/s]Renaming configs:  17%|█▋        | 12428/72155 [00:21<00:47, 1252.19cfg/s]Renaming configs:  23%|██▎       | 16330/72155 [00:21<00:09, 5868.04cfg/s]Renaming configs:  27%|██▋       | 19535/72155 [00:21<00:06, 7947.25cfg/s]Renaming configs:  31%|███       | 22381/72155 [00:21<00:04, 10535.94cfg/s]Renaming configs:  33%|███▎      | 23873/72155 [00:22<00:07, 6702.56cfg/s] Renaming configs:  35%|███▍      | 25064/72155 [00:22<00:07, 6725.33cfg/s]Renaming configs:  36%|███▌      | 26062/72155 [00:26<00:39, 1161.45cfg/s]Renaming configs:  41%|████▏     | 29885/72155 [00:26<00:18, 2302.99cfg/s]Renaming configs:  43%|████▎     | 31238/72155 [00:26<00:16, 2430.47cfg/s]Renaming configs:  51%|█████     | 36523/72155 [00:27<00:07, 4700.47cfg/s]Renaming configs:  53%|█████▎    | 37986/72155 [00:27<00:07, 4841.15cfg/s]Renaming configs:  54%|█████▍    | 39179/72155 [00:28<00:10, 3227.09cfg/s]Renaming configs:  56%|█████▌    | 40051/72155 [00:28<00:09, 3544.10cfg/s]Renaming configs:  57%|█████▋    | 41077/72155 [00:28<00:07, 3928.84cfg/s]Renaming configs:  58%|█████▊    | 42090/72155 [00:28<00:06, 4338.21cfg/s]Renaming configs:  60%|█████▉    | 43164/72155 [00:28<00:05, 5045.37cfg/s]Renaming configs:  61%|██████    | 43996/72155 [00:29<00:05, 4708.00cfg/s]Renaming configs:  62%|██████▏   | 44692/72155 [00:29<00:05, 4641.88cfg/s]Renaming configs:  64%|██████▎   | 45976/72155 [00:29<00:04, 5671.69cfg/s]Renaming configs:  65%|██████▍   | 46697/72155 [00:33<00:35, 720.56cfg/s] Renaming configs:  66%|██████▌   | 47479/72155 [00:33<00:26, 929.02cfg/s]Renaming configs:  67%|██████▋   | 48172/72155 [00:33<00:20, 1171.01cfg/s]Renaming configs:  68%|██████▊   | 48782/72155 [00:33<00:16, 1442.75cfg/s]Renaming configs:  69%|██████▉   | 49628/72155 [00:33<00:11, 1952.41cfg/s]Renaming configs:  71%|███████   | 50924/72155 [00:34<00:07, 2878.98cfg/s]Renaming configs:  72%|███████▏  | 52196/72155 [00:34<00:05, 3519.53cfg/s]Renaming configs:  73%|███████▎  | 52876/72155 [00:34<00:05, 3675.07cfg/s]Renaming configs:  79%|███████▊  | 56656/72155 [00:35<00:02, 5424.75cfg/s]Renaming configs:  80%|███████▉  | 57462/72155 [00:35<00:02, 5672.21cfg/s]Renaming configs:  81%|████████  | 58140/72155 [00:38<00:13, 1066.13cfg/s]Renaming configs: 100%|██████████| 72155/72155 [00:38<00:00, 1875.00cfg/s]
Sorting by protocol:   0%|          | 0/16988 [00:00<?, ?cfg/s]Sorting by protocol: 100%|██████████| 16988/16988 [00:00<00:00, 1412401.61cfg/s]
2025-12-31 07:27:57,550 [INFO] save_config: Saving 3935645 configs to /home/apps/Free-V2ray-Collector
2025-12-31 07:27:57,885 [INFO] save_config: Saved All_Configs_shuffled.txt successfully
Groups saved in 'Config_by_country' folder. 100 files, 16988 lines total.
Traceback (most recent call last):
  File "/home/apps/Free-V2ray-Collector/Files/update_git.py", line 96, in update_with_token
    repo.git.push(remote_name, default_branch)
  File "/usr/local/lib/python3.12/dist-packages/git/cmd.py", line 1003, in <lambda>
    return lambda *args, **kwargs: self._call_process(name, *args, **kwargs)
                                   ^^^^^^^^^^^^^^^^^^^^^^^^^^^^^^^^^^^^^^^^^
  File "/usr/local/lib/python3.12/dist-packages/git/cmd.py", line 1616, in _call_process
    return self.execute(call, **exec_kwargs)
           ^^^^^^^^^^^^^^^^^^^^^^^^^^^^^^^^^
  File "/usr/local/lib/python3.12/dist-packages/git/cmd.py", line 1406, in execute
    raise GitCommandError(redacted_command, status, stderr_value, stdout_value)
git.exc.GitCommandError: Cmd('git') failed due to: exit code(128)
  cmdline: git push origin main
  stderr: 'remote: Permission to Twitr/Free-V2ray-Collector.git denied to M-Mashreghi.
fatal: unable to access 'https://github.com/Twitr/Free-V2ray-Collector.git/': The requested URL returned error: 403'

During handling of the above exception, another exception occurred:

Traceback (most recent call last):
  File "/home/apps/Free-V2ray-Collector/Files/app.py", line 208, in <module>
    main()
  File "/home/apps/Free-V2ray-Collector/Files/app.py", line 200, in main
    update_with_token()
  File "/home/apps/Free-V2ray-Collector/Files/update_git.py", line 98, in update_with_token
    repo.git.push(remote_name, f"HEAD:refs/heads/{default_branch}", "-u")
  File "/usr/local/lib/python3.12/dist-packages/git/cmd.py", line 1003, in <lambda>
    return lambda *args, **kwargs: self._call_process(name, *args, **kwargs)
                                   ^^^^^^^^^^^^^^^^^^^^^^^^^^^^^^^^^^^^^^^^^
  File "/usr/local/lib/python3.12/dist-packages/git/cmd.py", line 1616, in _call_process
    return self.execute(call, **exec_kwargs)
           ^^^^^^^^^^^^^^^^^^^^^^^^^^^^^^^^^
  File "/usr/local/lib/python3.12/dist-packages/git/cmd.py", line 1406, in execute
    raise GitCommandError(redacted_command, status, stderr_value, stdout_value)
git.exc.GitCommandError: Cmd('git') failed due to: exit code(128)
  cmdline: git push origin HEAD:refs/heads/main -u
  stderr: 'remote: Permission to Twitr/Free-V2ray-Collector.git denied to M-Mashreghi.
fatal: unable to access 'https://github.com/Twitr/Free-V2ray-Collector.git/': The requested URL returned error: 403'
